<?xml version="1.0" encoding="UTF-8"?>
<!-- Generated by org.testng.reporters.JUnitXMLReporter -->
<testsuite hostname="Azariah" ignored="0" name="Default test" tests="3" failures="0" timestamp="19 Nov 2021 16:33:24 GMT" time="0.043" errors="0">
  <testcase name="amazon" time="0.0" classname="com.testng.Simple_Annotations"/>
  <testcase name="dresses" time="0.001" classname="com.testng.Simple_Annotations"/>
  <testcase name="shirts" time="0.002" classname="com.testng.Simple_Annotations"/>
</testsuite> <!-- Default test -->
